Determining if the pthread_create exist failed with the following output:
Change Dir: /home/eaibot/UAV_rotors/build/rqt_rotors/CMakeFiles/CMakeTmp

Run Build Command:"/usr/bin/make" "cmTC_ac217/fast"
/usr/bin/make -f CMakeFiles/cmTC_ac217.dir/build.make CMakeFiles/cmTC_ac217.dir/build
make[1]: Entering directory '/home/eaibot/UAV_rotors/build/rqt_rotors/CMakeFiles/CMakeTmp'
Building C object CMakeFiles/cmTC_ac217.dir/CheckSymbolExists.c.o
/usr/bin/cc     -o CMakeFiles/cmTC_ac217.dir/CheckSymbolExists.c.o   -c /home/eaibot/UAV_rotors/build/rqt_rotors/CMakeFiles/CMakeTmp/CheckSymbolExists.c
Linking C executable cmTC_ac217
/usr/bin/cmake -E cmake_link_script CMakeFiles/cmTC_ac217.dir/link.txt --verbose=1
/usr/bin/cc       CMakeFiles/cmTC_ac217.dir/CheckSymbolExists.c.o  -o cmTC_ac217 -rdynamic 
CMakeFiles/cmTC_ac217.dir/CheckSymbolExists.c.o：在函数‘main’中：
CheckSymbolExists.c:(.text+0x16)：对‘pthread_create’未定义的引用
collect2: error: ld returned 1 exit status
CMakeFiles/cmTC_ac217.dir/build.make:97: recipe for target 'cmTC_ac217' failed
make[1]: *** [cmTC_ac217] Error 1
make[1]: Leaving directory '/home/eaibot/UAV_rotors/build/rqt_rotors/CMakeFiles/CMakeTmp'
Makefile:126: recipe for target 'cmTC_ac217/fast' failed
make: *** [cmTC_ac217/fast] Error 2

File /home/eaibot/UAV_rotors/build/rqt_rotors/CMakeFiles/CMakeTmp/CheckSymbolExists.c:
/* */
#include <pthread.h>

int main(int argc, char** argv)
{
  (void)argv;
#ifndef pthread_create
  return ((int*)(&pthread_create))[argc];
#else
  (void)argc;
  return 0;
#endif
}

Determining if the function pthread_create exists in the pthreads failed with the following output:
Change Dir: /home/eaibot/UAV_rotors/build/rqt_rotors/CMakeFiles/CMakeTmp

Run Build Command:"/usr/bin/make" "cmTC_3ee78/fast"
/usr/bin/make -f CMakeFiles/cmTC_3ee78.dir/build.make CMakeFiles/cmTC_3ee78.dir/build
make[1]: Entering directory '/home/eaibot/UAV_rotors/build/rqt_rotors/CMakeFiles/CMakeTmp'
Building C object CMakeFiles/cmTC_3ee78.dir/CheckFunctionExists.c.o
/usr/bin/cc    -DCHECK_FUNCTION_EXISTS=pthread_create   -o CMakeFiles/cmTC_3ee78.dir/CheckFunctionExists.c.o   -c /usr/share/cmake-3.5/Modules/CheckFunctionExists.c
Linking C executable cmTC_3ee78
/usr/bin/cmake -E cmake_link_script CMakeFiles/cmTC_3ee78.dir/link.txt --verbose=1
/usr/bin/cc   -DCHECK_FUNCTION_EXISTS=pthread_create    CMakeFiles/cmTC_3ee78.dir/CheckFunctionExists.c.o  -o cmTC_3ee78 -rdynamic -lpthreads 
/usr/bin/ld: 找不到 -lpthreads
collect2: error: ld returned 1 exit status
CMakeFiles/cmTC_3ee78.dir/build.make:97: recipe for target 'cmTC_3ee78' failed
make[1]: *** [cmTC_3ee78] Error 1
make[1]: Leaving directory '/home/eaibot/UAV_rotors/build/rqt_rotors/CMakeFiles/CMakeTmp'
Makefile:126: recipe for target 'cmTC_3ee78/fast' failed
make: *** [cmTC_3ee78/fast] Error 2


