Determining if the pthread_create exist failed with the following output:
Change Dir: /home/eaibot/UAV_rotors/build/taskallocation_gui/CMakeFiles/CMakeTmp

Run Build Command:"/usr/bin/make" "cmTC_aef66/fast"
/usr/bin/make -f CMakeFiles/cmTC_aef66.dir/build.make CMakeFiles/cmTC_aef66.dir/build
make[1]: Entering directory '/home/eaibot/UAV_rotors/build/taskallocation_gui/CMakeFiles/CMakeTmp'
Building C object CMakeFiles/cmTC_aef66.dir/CheckSymbolExists.c.o
/usr/bin/cc     -o CMakeFiles/cmTC_aef66.dir/CheckSymbolExists.c.o   -c /home/eaibot/UAV_rotors/build/taskallocation_gui/CMakeFiles/CMakeTmp/CheckSymbolExists.c
Linking C executable cmTC_aef66
/usr/bin/cmake -E cmake_link_script CMakeFiles/cmTC_aef66.dir/link.txt --verbose=1
/usr/bin/cc       CMakeFiles/cmTC_aef66.dir/CheckSymbolExists.c.o  -o cmTC_aef66 -rdynamic 
CMakeFiles/cmTC_aef66.dir/CheckSymbolExists.c.o：在函数‘main’中：
CheckSymbolExists.c:(.text+0x16)：对‘pthread_create’未定义的引用
collect2: error: ld returned 1 exit status
CMakeFiles/cmTC_aef66.dir/build.make:97: recipe for target 'cmTC_aef66' failed
make[1]: *** [cmTC_aef66] Error 1
make[1]: Leaving directory '/home/eaibot/UAV_rotors/build/taskallocation_gui/CMakeFiles/CMakeTmp'
Makefile:126: recipe for target 'cmTC_aef66/fast' failed
make: *** [cmTC_aef66/fast] Error 2

File /home/eaibot/UAV_rotors/build/taskallocation_gui/CMakeFiles/CMakeTmp/CheckSymbolExists.c:
/* */
#include <pthread.h>

int main(int argc, char** argv)
{
  (void)argv;
#ifndef pthread_create
  return ((int*)(&pthread_create))[argc];
#else
  (void)argc;
  return 0;
#endif
}

Determining if the function pthread_create exists in the pthreads failed with the following output:
Change Dir: /home/eaibot/UAV_rotors/build/taskallocation_gui/CMakeFiles/CMakeTmp

Run Build Command:"/usr/bin/make" "cmTC_ee09b/fast"
/usr/bin/make -f CMakeFiles/cmTC_ee09b.dir/build.make CMakeFiles/cmTC_ee09b.dir/build
make[1]: Entering directory '/home/eaibot/UAV_rotors/build/taskallocation_gui/CMakeFiles/CMakeTmp'
Building C object CMakeFiles/cmTC_ee09b.dir/CheckFunctionExists.c.o
/usr/bin/cc    -DCHECK_FUNCTION_EXISTS=pthread_create   -o CMakeFiles/cmTC_ee09b.dir/CheckFunctionExists.c.o   -c /usr/share/cmake-3.5/Modules/CheckFunctionExists.c
Linking C executable cmTC_ee09b
/usr/bin/cmake -E cmake_link_script CMakeFiles/cmTC_ee09b.dir/link.txt --verbose=1
/usr/bin/cc   -DCHECK_FUNCTION_EXISTS=pthread_create    CMakeFiles/cmTC_ee09b.dir/CheckFunctionExists.c.o  -o cmTC_ee09b -rdynamic -lpthreads 
/usr/bin/ld: 找不到 -lpthreads
collect2: error: ld returned 1 exit status
CMakeFiles/cmTC_ee09b.dir/build.make:97: recipe for target 'cmTC_ee09b' failed
make[1]: *** [cmTC_ee09b] Error 1
make[1]: Leaving directory '/home/eaibot/UAV_rotors/build/taskallocation_gui/CMakeFiles/CMakeTmp'
Makefile:126: recipe for target 'cmTC_ee09b/fast' failed
make: *** [cmTC_ee09b/fast] Error 2


Determining if the Q_WS_WIN exist failed with the following output:
Change Dir: /home/eaibot/UAV_rotors/build/taskallocation_gui/CMakeFiles/CMakeTmp

Run Build Command:"/usr/bin/make" "cmTC_13208/fast"
/usr/bin/make -f CMakeFiles/cmTC_13208.dir/build.make CMakeFiles/cmTC_13208.dir/build
make[1]: Entering directory '/home/eaibot/UAV_rotors/build/taskallocation_gui/CMakeFiles/CMakeTmp'
Building CXX object CMakeFiles/cmTC_13208.dir/CheckSymbolExists.cxx.o
/usr/bin/c++    -I/usr/include/qt4   -o CMakeFiles/cmTC_13208.dir/CheckSymbolExists.cxx.o -c /home/eaibot/UAV_rotors/build/taskallocation_gui/CMakeFiles/CMakeTmp/CheckSymbolExists.cxx
/home/eaibot/UAV_rotors/build/taskallocation_gui/CMakeFiles/CMakeTmp/CheckSymbolExists.cxx: In function ‘int main(int, char**)’:
/home/eaibot/UAV_rotors/build/taskallocation_gui/CMakeFiles/CMakeTmp/CheckSymbolExists.cxx:8:19: error: ‘Q_WS_WIN’ was not declared in this scope
   return ((int*)(&Q_WS_WIN))[argc];
                   ^
CMakeFiles/cmTC_13208.dir/build.make:65: recipe for target 'CMakeFiles/cmTC_13208.dir/CheckSymbolExists.cxx.o' failed
make[1]: *** [CMakeFiles/cmTC_13208.dir/CheckSymbolExists.cxx.o] Error 1
make[1]: Leaving directory '/home/eaibot/UAV_rotors/build/taskallocation_gui/CMakeFiles/CMakeTmp'
Makefile:126: recipe for target 'cmTC_13208/fast' failed
make: *** [cmTC_13208/fast] Error 2

File /home/eaibot/UAV_rotors/build/taskallocation_gui/CMakeFiles/CMakeTmp/CheckSymbolExists.cxx:
/* */
#include <QtCore/qglobal.h>

int main(int argc, char** argv)
{
  (void)argv;
#ifndef Q_WS_WIN
  return ((int*)(&Q_WS_WIN))[argc];
#else
  (void)argc;
  return 0;
#endif
}

Determining if the Q_WS_QWS exist failed with the following output:
Change Dir: /home/eaibot/UAV_rotors/build/taskallocation_gui/CMakeFiles/CMakeTmp

Run Build Command:"/usr/bin/make" "cmTC_d3f50/fast"
/usr/bin/make -f CMakeFiles/cmTC_d3f50.dir/build.make CMakeFiles/cmTC_d3f50.dir/build
make[1]: Entering directory '/home/eaibot/UAV_rotors/build/taskallocation_gui/CMakeFiles/CMakeTmp'
Building CXX object CMakeFiles/cmTC_d3f50.dir/CheckSymbolExists.cxx.o
/usr/bin/c++    -I/usr/include/qt4   -o CMakeFiles/cmTC_d3f50.dir/CheckSymbolExists.cxx.o -c /home/eaibot/UAV_rotors/build/taskallocation_gui/CMakeFiles/CMakeTmp/CheckSymbolExists.cxx
/home/eaibot/UAV_rotors/build/taskallocation_gui/CMakeFiles/CMakeTmp/CheckSymbolExists.cxx: In function ‘int main(int, char**)’:
/home/eaibot/UAV_rotors/build/taskallocation_gui/CMakeFiles/CMakeTmp/CheckSymbolExists.cxx:8:19: error: ‘Q_WS_QWS’ was not declared in this scope
   return ((int*)(&Q_WS_QWS))[argc];
                   ^
CMakeFiles/cmTC_d3f50.dir/build.make:65: recipe for target 'CMakeFiles/cmTC_d3f50.dir/CheckSymbolExists.cxx.o' failed
make[1]: *** [CMakeFiles/cmTC_d3f50.dir/CheckSymbolExists.cxx.o] Error 1
make[1]: Leaving directory '/home/eaibot/UAV_rotors/build/taskallocation_gui/CMakeFiles/CMakeTmp'
Makefile:126: recipe for target 'cmTC_d3f50/fast' failed
make: *** [cmTC_d3f50/fast] Error 2

File /home/eaibot/UAV_rotors/build/taskallocation_gui/CMakeFiles/CMakeTmp/CheckSymbolExists.cxx:
/* */
#include <QtCore/qglobal.h>

int main(int argc, char** argv)
{
  (void)argv;
#ifndef Q_WS_QWS
  return ((int*)(&Q_WS_QWS))[argc];
#else
  (void)argc;
  return 0;
#endif
}

Determining if the Q_WS_MAC exist failed with the following output:
Change Dir: /home/eaibot/UAV_rotors/build/taskallocation_gui/CMakeFiles/CMakeTmp

Run Build Command:"/usr/bin/make" "cmTC_07cec/fast"
/usr/bin/make -f CMakeFiles/cmTC_07cec.dir/build.make CMakeFiles/cmTC_07cec.dir/build
make[1]: Entering directory '/home/eaibot/UAV_rotors/build/taskallocation_gui/CMakeFiles/CMakeTmp'
Building CXX object CMakeFiles/cmTC_07cec.dir/CheckSymbolExists.cxx.o
/usr/bin/c++    -I/usr/include/qt4   -o CMakeFiles/cmTC_07cec.dir/CheckSymbolExists.cxx.o -c /home/eaibot/UAV_rotors/build/taskallocation_gui/CMakeFiles/CMakeTmp/CheckSymbolExists.cxx
/home/eaibot/UAV_rotors/build/taskallocation_gui/CMakeFiles/CMakeTmp/CheckSymbolExists.cxx: In function ‘int main(int, char**)’:
/home/eaibot/UAV_rotors/build/taskallocation_gui/CMakeFiles/CMakeTmp/CheckSymbolExists.cxx:8:19: error: ‘Q_WS_MAC’ was not declared in this scope
   return ((int*)(&Q_WS_MAC))[argc];
                   ^
CMakeFiles/cmTC_07cec.dir/build.make:65: recipe for target 'CMakeFiles/cmTC_07cec.dir/CheckSymbolExists.cxx.o' failed
make[1]: *** [CMakeFiles/cmTC_07cec.dir/CheckSymbolExists.cxx.o] Error 1
make[1]: Leaving directory '/home/eaibot/UAV_rotors/build/taskallocation_gui/CMakeFiles/CMakeTmp'
Makefile:126: recipe for target 'cmTC_07cec/fast' failed
make: *** [cmTC_07cec/fast] Error 2

File /home/eaibot/UAV_rotors/build/taskallocation_gui/CMakeFiles/CMakeTmp/CheckSymbolExists.cxx:
/* */
#include <QtCore/qglobal.h>

int main(int argc, char** argv)
{
  (void)argv;
#ifndef Q_WS_MAC
  return ((int*)(&Q_WS_MAC))[argc];
#else
  (void)argc;
  return 0;
#endif
}

