Determining if the pthread_create exist failed with the following output:
Change Dir: /home/eaibot/UAV_rotors/build/mav_planning_msgs/CMakeFiles/CMakeTmp

Run Build Command:"/usr/bin/make" "cmTC_fd950/fast"
/usr/bin/make -f CMakeFiles/cmTC_fd950.dir/build.make CMakeFiles/cmTC_fd950.dir/build
make[1]: Entering directory '/home/eaibot/UAV_rotors/build/mav_planning_msgs/CMakeFiles/CMakeTmp'
Building C object CMakeFiles/cmTC_fd950.dir/CheckSymbolExists.c.o
/usr/bin/cc     -o CMakeFiles/cmTC_fd950.dir/CheckSymbolExists.c.o   -c /home/eaibot/UAV_rotors/build/mav_planning_msgs/CMakeFiles/CMakeTmp/CheckSymbolExists.c
Linking C executable cmTC_fd950
/usr/bin/cmake -E cmake_link_script CMakeFiles/cmTC_fd950.dir/link.txt --verbose=1
/usr/bin/cc       CMakeFiles/cmTC_fd950.dir/CheckSymbolExists.c.o  -o cmTC_fd950 -rdynamic 
CMakeFiles/cmTC_fd950.dir/CheckSymbolExists.c.o：在函数‘main’中：
CheckSymbolExists.c:(.text+0x16)：对‘pthread_create’未定义的引用
collect2: error: ld returned 1 exit status
CMakeFiles/cmTC_fd950.dir/build.make:97: recipe for target 'cmTC_fd950' failed
make[1]: *** [cmTC_fd950] Error 1
make[1]: Leaving directory '/home/eaibot/UAV_rotors/build/mav_planning_msgs/CMakeFiles/CMakeTmp'
Makefile:126: recipe for target 'cmTC_fd950/fast' failed
make: *** [cmTC_fd950/fast] Error 2

File /home/eaibot/UAV_rotors/build/mav_planning_msgs/CMakeFiles/CMakeTmp/CheckSymbolExists.c:
/* */
#include <pthread.h>

int main(int argc, char** argv)
{
  (void)argv;
#ifndef pthread_create
  return ((int*)(&pthread_create))[argc];
#else
  (void)argc;
  return 0;
#endif
}

Determining if the function pthread_create exists in the pthreads failed with the following output:
Change Dir: /home/eaibot/UAV_rotors/build/mav_planning_msgs/CMakeFiles/CMakeTmp

Run Build Command:"/usr/bin/make" "cmTC_b8c6b/fast"
/usr/bin/make -f CMakeFiles/cmTC_b8c6b.dir/build.make CMakeFiles/cmTC_b8c6b.dir/build
make[1]: Entering directory '/home/eaibot/UAV_rotors/build/mav_planning_msgs/CMakeFiles/CMakeTmp'
Building C object CMakeFiles/cmTC_b8c6b.dir/CheckFunctionExists.c.o
/usr/bin/cc    -DCHECK_FUNCTION_EXISTS=pthread_create   -o CMakeFiles/cmTC_b8c6b.dir/CheckFunctionExists.c.o   -c /usr/share/cmake-3.5/Modules/CheckFunctionExists.c
Linking C executable cmTC_b8c6b
/usr/bin/cmake -E cmake_link_script CMakeFiles/cmTC_b8c6b.dir/link.txt --verbose=1
/usr/bin/cc   -DCHECK_FUNCTION_EXISTS=pthread_create    CMakeFiles/cmTC_b8c6b.dir/CheckFunctionExists.c.o  -o cmTC_b8c6b -rdynamic -lpthreads 
/usr/bin/ld: 找不到 -lpthreads
collect2: error: ld returned 1 exit status
CMakeFiles/cmTC_b8c6b.dir/build.make:97: recipe for target 'cmTC_b8c6b' failed
make[1]: *** [cmTC_b8c6b] Error 1
make[1]: Leaving directory '/home/eaibot/UAV_rotors/build/mav_planning_msgs/CMakeFiles/CMakeTmp'
Makefile:126: recipe for target 'cmTC_b8c6b/fast' failed
make: *** [cmTC_b8c6b/fast] Error 2


