Determining if the pthread_create exist failed with the following output:
Change Dir: /home/eaibot/UAV_rotors/build/catkin_simple/CMakeFiles/CMakeTmp

Run Build Command:"/usr/bin/make" "cmTC_88cbc/fast"
/usr/bin/make -f CMakeFiles/cmTC_88cbc.dir/build.make CMakeFiles/cmTC_88cbc.dir/build
make[1]: Entering directory '/home/eaibot/UAV_rotors/build/catkin_simple/CMakeFiles/CMakeTmp'
Building C object CMakeFiles/cmTC_88cbc.dir/CheckSymbolExists.c.o
/usr/bin/cc     -o CMakeFiles/cmTC_88cbc.dir/CheckSymbolExists.c.o   -c /home/eaibot/UAV_rotors/build/catkin_simple/CMakeFiles/CMakeTmp/CheckSymbolExists.c
Linking C executable cmTC_88cbc
/usr/bin/cmake -E cmake_link_script CMakeFiles/cmTC_88cbc.dir/link.txt --verbose=1
/usr/bin/cc       CMakeFiles/cmTC_88cbc.dir/CheckSymbolExists.c.o  -o cmTC_88cbc -rdynamic 
CMakeFiles/cmTC_88cbc.dir/CheckSymbolExists.c.o：在函数‘main’中：
CheckSymbolExists.c:(.text+0x16)：对‘pthread_create’未定义的引用
collect2: error: ld returned 1 exit status
CMakeFiles/cmTC_88cbc.dir/build.make:97: recipe for target 'cmTC_88cbc' failed
make[1]: *** [cmTC_88cbc] Error 1
make[1]: Leaving directory '/home/eaibot/UAV_rotors/build/catkin_simple/CMakeFiles/CMakeTmp'
Makefile:126: recipe for target 'cmTC_88cbc/fast' failed
make: *** [cmTC_88cbc/fast] Error 2

File /home/eaibot/UAV_rotors/build/catkin_simple/CMakeFiles/CMakeTmp/CheckSymbolExists.c:
/* */
#include <pthread.h>

int main(int argc, char** argv)
{
  (void)argv;
#ifndef pthread_create
  return ((int*)(&pthread_create))[argc];
#else
  (void)argc;
  return 0;
#endif
}

Determining if the function pthread_create exists in the pthreads failed with the following output:
Change Dir: /home/eaibot/UAV_rotors/build/catkin_simple/CMakeFiles/CMakeTmp

Run Build Command:"/usr/bin/make" "cmTC_4e951/fast"
/usr/bin/make -f CMakeFiles/cmTC_4e951.dir/build.make CMakeFiles/cmTC_4e951.dir/build
make[1]: Entering directory '/home/eaibot/UAV_rotors/build/catkin_simple/CMakeFiles/CMakeTmp'
Building C object CMakeFiles/cmTC_4e951.dir/CheckFunctionExists.c.o
/usr/bin/cc    -DCHECK_FUNCTION_EXISTS=pthread_create   -o CMakeFiles/cmTC_4e951.dir/CheckFunctionExists.c.o   -c /usr/share/cmake-3.5/Modules/CheckFunctionExists.c
Linking C executable cmTC_4e951
/usr/bin/cmake -E cmake_link_script CMakeFiles/cmTC_4e951.dir/link.txt --verbose=1
/usr/bin/cc   -DCHECK_FUNCTION_EXISTS=pthread_create    CMakeFiles/cmTC_4e951.dir/CheckFunctionExists.c.o  -o cmTC_4e951 -rdynamic -lpthreads 
/usr/bin/ld: 找不到 -lpthreads
collect2: error: ld returned 1 exit status
CMakeFiles/cmTC_4e951.dir/build.make:97: recipe for target 'cmTC_4e951' failed
make[1]: *** [cmTC_4e951] Error 1
make[1]: Leaving directory '/home/eaibot/UAV_rotors/build/catkin_simple/CMakeFiles/CMakeTmp'
Makefile:126: recipe for target 'cmTC_4e951/fast' failed
make: *** [cmTC_4e951/fast] Error 2


